<?xml version="1.0" encoding="UTF-8"?>
<!-- Generated by org.testng.reporters.JUnitReportReporter -->
<testsuite hostname="HussainRezai" failures="0" tests="2" name="runner.TestRunner" time="26.079" errors="0" timestamp="2025-03-27T17:10:29 EDT" skipped="0">
  <testcase classname="runner.TestRunner" name="runScenario" time="14.018"/>
  <system-out/>
  <testcase classname="runner.TestRunner" name="runScenario" time="12.061"/>
  <system-out/>
</testsuite> <!-- runner.TestRunner -->
