<?xml version="1.0" encoding="UTF-8"?>
<!-- Generated by org.testng.reporters.JUnitReportReporter -->
<testsuite hostname="HussainRezai" failures="0" tests="1" name="runner.TestRunner" time="13.283" errors="0" timestamp="2025-03-27T16:46:27 EDT" skipped="0">
  <testcase classname="runner.TestRunner" name="runScenario" time="13.283"/>
  <system-out/>
</testsuite> <!-- runner.TestRunner -->
